<?xml version="1.0" encoding="UTF-8" ?>
<testsuite failures="0" time="23.756" errors="0" skipped="0" tests="6" name="org.omg.bpmn.miwg.XmlCompareTest">
  <properties>
[...]
</properties>
  <testcase time="2.936" classname="org.omg.bpmn.miwg.XmlCompareTest" name="testA10"/>
  <testcase time="1.252" classname="org.omg.bpmn.miwg.XmlCompareTest" name="testA20"/>
  <testcase time="1.06" classname="org.omg.bpmn.miwg.XmlCompareTest" name="testA30"/>
  <testcase time="1.548" classname="org.omg.bpmn.miwg.XmlCompareTest" name="testA40"/>
  <testcase time="4.669" classname="org.omg.bpmn.miwg.XmlCompareTest" name="testB10"/>
  <testcase time="11.503" classname="org.omg.bpmn.miwg.XmlCompareTest" name="testB20"/>
</testsuite>